{
  "RSpec": {
    "coverage": {
      "/Users/dmw/google_drive/cookbooks/sous-chefs/sc-foodcritic-rules/lib/foodcritic/rules.rb": [
        1,
        1,
        1
      ],
      "/Users/dmw/google_drive/cookbooks/sous-chefs/sc-foodcritic-rules/lib/foodcritic/rules/missing_file.rb": [
        1,
        0,
        0,
        null,
        null,
        1,
        0,
        0,
        0,
        0,
        null,
        null,
        null,
        null,
        1,
        0,
        0,
        0,
        null,
        null,
        null,
        1,
        0,
        0,
        0,
        null,
        null,
        null,
        1,
        0,
        0,
        0,
        null,
        null,
        null,
        1,
        0,
        0,
        0,
        null,
        null,
        null,
        null,
        null,
        null,
        null,
        null,
        null,
        null,
        null,
        null,
        null
      ],
      "/Users/dmw/google_drive/cookbooks/sous-chefs/sc-foodcritic-rules/lib/foodcritic/rules/metadata.rb": [
        null,
        1,
        0,
        0,
        0,
        0,
        0,
        null,
        null,
        null,
        null,
        1,
        0,
        0,
        0,
        0,
        0,
        null,
        null,
        null,
        1,
        0,
        0,
        0,
        0,
        null,
        null,
        null,
        1,
        0,
        0,
        0,
        0,
        null,
        null,
        null,
        1,
        0,
        0,
        0,
        null,
        null
      ],
      "/Users/dmw/google_drive/cookbooks/sous-chefs/sc-foodcritic-rules/lib/foodcritic/rules/testing.rb": [
        1,
        0,
        0,
        0,
        null,
        null,
        null,
        1,
        0,
        0,
        0,
        null,
        null
      ]
    },
    "timestamp": 1496997662
  }
}
